[2020-10-29 17:13:36.795] [renderer1] [error] Illegal argument: character must be non-negative: Error: Illegal argument: character must be non-negative
	at Object.t.illegalArgument (/usr/share/code/resources/app/out/vs/workbench/services/extensions/node/extensionHostProcess.js:10:662)
	at new _ (/usr/share/code/resources/app/out/vs/workbench/services/extensions/node/extensionHostProcess.js:509:424)
	at new _ (/usr/share/code/resources/app/out/vs/workbench/services/extensions/node/extensionHostProcess.js:507:436)
	at asPosition (/root/.vscode/extensions/small.php-ci-0.3.9/node_modules/vscode-languageclient/lib/protocolConverter.js:53:16)
	at asRange (/root/.vscode/extensions/small.php-ci-0.3.9/node_modules/vscode-languageclient/lib/protocolConverter.js:59:31)
	at asSymbolInformation (/root/.vscode/extensions/small.php-ci-0.3.9/node_modules/vscode-languageclient/lib/protocolConverter.js:347:85)
	at /root/.vscode/extensions/small.php-ci-0.3.9/node_modules/vscode-languageclient/lib/protocolConverter.js:336:42
	at Array.map (<anonymous>)
	at Object.asSymbolInformations (/root/.vscode/extensions/small.php-ci-0.3.9/node_modules/vscode-languageclient/lib/protocolConverter.js:336:23)
	at /root/.vscode/extensions/small.php-ci-0.3.9/node_modules/vscode-languageclient/lib/client.js:986:62
[2020-10-29 17:13:43.793] [renderer1] [error] Illegal argument: character must be non-negative: Error: Illegal argument: character must be non-negative
	at Object.t.illegalArgument (/usr/share/code/resources/app/out/vs/workbench/services/extensions/node/extensionHostProcess.js:10:662)
	at new _ (/usr/share/code/resources/app/out/vs/workbench/services/extensions/node/extensionHostProcess.js:509:424)
	at new _ (/usr/share/code/resources/app/out/vs/workbench/services/extensions/node/extensionHostProcess.js:507:436)
	at asPosition (/root/.vscode/extensions/small.php-ci-0.3.9/node_modules/vscode-languageclient/lib/protocolConverter.js:53:16)
	at asRange (/root/.vscode/extensions/small.php-ci-0.3.9/node_modules/vscode-languageclient/lib/protocolConverter.js:59:31)
	at asSymbolInformation (/root/.vscode/extensions/small.php-ci-0.3.9/node_modules/vscode-languageclient/lib/protocolConverter.js:347:85)
	at /root/.vscode/extensions/small.php-ci-0.3.9/node_modules/vscode-languageclient/lib/protocolConverter.js:336:42
	at Array.map (<anonymous>)
	at Object.asSymbolInformations (/root/.vscode/extensions/small.php-ci-0.3.9/node_modules/vscode-languageclient/lib/protocolConverter.js:336:23)
	at /root/.vscode/extensions/small.php-ci-0.3.9/node_modules/vscode-languageclient/lib/client.js:986:62
[2020-10-29 17:13:45.509] [renderer1] [error] Illegal argument: character must be non-negative: Error: Illegal argument: character must be non-negative
	at Object.t.illegalArgument (/usr/share/code/resources/app/out/vs/workbench/services/extensions/node/extensionHostProcess.js:10:662)
	at new _ (/usr/share/code/resources/app/out/vs/workbench/services/extensions/node/extensionHostProcess.js:509:424)
	at new _ (/usr/share/code/resources/app/out/vs/workbench/services/extensions/node/extensionHostProcess.js:507:436)
	at asPosition (/root/.vscode/extensions/small.php-ci-0.3.9/node_modules/vscode-languageclient/lib/protocolConverter.js:53:16)
	at asRange (/root/.vscode/extensions/small.php-ci-0.3.9/node_modules/vscode-languageclient/lib/protocolConverter.js:59:31)
	at asSymbolInformation (/root/.vscode/extensions/small.php-ci-0.3.9/node_modules/vscode-languageclient/lib/protocolConverter.js:347:85)
	at /root/.vscode/extensions/small.php-ci-0.3.9/node_modules/vscode-languageclient/lib/protocolConverter.js:336:42
	at Array.map (<anonymous>)
	at Object.asSymbolInformations (/root/.vscode/extensions/small.php-ci-0.3.9/node_modules/vscode-languageclient/lib/protocolConverter.js:336:23)
	at /root/.vscode/extensions/small.php-ci-0.3.9/node_modules/vscode-languageclient/lib/client.js:986:62
[2020-10-29 17:13:47.584] [renderer1] [error] Illegal argument: character must be non-negative: Error: Illegal argument: character must be non-negative
	at Object.t.illegalArgument (/usr/share/code/resources/app/out/vs/workbench/services/extensions/node/extensionHostProcess.js:10:662)
	at new _ (/usr/share/code/resources/app/out/vs/workbench/services/extensions/node/extensionHostProcess.js:509:424)
	at new _ (/usr/share/code/resources/app/out/vs/workbench/services/extensions/node/extensionHostProcess.js:507:436)
	at asPosition (/root/.vscode/extensions/small.php-ci-0.3.9/node_modules/vscode-languageclient/lib/protocolConverter.js:53:16)
	at asRange (/root/.vscode/extensions/small.php-ci-0.3.9/node_modules/vscode-languageclient/lib/protocolConverter.js:59:31)
	at asSymbolInformation (/root/.vscode/extensions/small.php-ci-0.3.9/node_modules/vscode-languageclient/lib/protocolConverter.js:347:85)
	at /root/.vscode/extensions/small.php-ci-0.3.9/node_modules/vscode-languageclient/lib/protocolConverter.js:336:42
	at Array.map (<anonymous>)
	at Object.asSymbolInformations (/root/.vscode/extensions/small.php-ci-0.3.9/node_modules/vscode-languageclient/lib/protocolConverter.js:336:23)
	at /root/.vscode/extensions/small.php-ci-0.3.9/node_modules/vscode-languageclient/lib/client.js:986:62
